<?xml version="1.0" encoding="UTF-8" ?>
<testsuite tests="1" failures="1" name="org.ghailene.InMemoryH2Test" time="1.124" errors="0" skipped="0">
  <properties>
[...]
</properties>
  <testcase classname="org.ghailene.InMemoryH2Test" name="testHappyPath" time="1.124">
    <failure message="Expecting ProcessInstance {id=&apos;4&apos;, processDefinitionId=&apos;camunda-muti-instance-sequecial-user-ask:1:3&apos;, businessKey=&apos;null&apos;} to be ended, but it is not!. (Please make sure you have set the history service of the engine to at least &apos;activity&apos; or a higher level before making use of this assertion!)" type="java.lang.AssertionError">java.lang.AssertionError: Expecting ProcessInstance {id=&apos;4&apos;, processDefinitionId=&apos;camunda-muti-instance-sequecial-user-ask:1:3&apos;, businessKey=&apos;null&apos;} to be ended, but it is not!. (Please make sure you have set the history service of the engine to at least &apos;activity&apos; or a higher level before making use of this assertion!)
	at org.camunda.bpm.engine.test.assertions.bpmn.ProcessInstanceAssert.isEnded(ProcessInstanceAssert.java:351)
	at org.ghailene.InMemoryH2Test.testHappyPath(InMemoryH2Test.java:44)
	at sun.reflect.NativeMethodAccessorImpl.invoke0(Native Method)
	at sun.reflect.NativeMethodAccessorImpl.invoke(NativeMethodAccessorImpl.java:62)
	at sun.reflect.DelegatingMethodAccessorImpl.invoke(DelegatingMethodAccessorImpl.java:43)
	at java.lang.reflect.Method.invoke(Method.java:498)
	at org.junit.runners.model.FrameworkMethod$1.runReflectiveCall(FrameworkMethod.java:59)
	at org.junit.internal.runners.model.ReflectiveCallable.run(ReflectiveCallable.java:12)
	at org.junit.runners.model.FrameworkMethod.invokeExplosively(FrameworkMethod.java:56)
	at org.junit.internal.runners.statements.InvokeMethod.evaluate(InvokeMethod.java:17)
	at org.junit.internal.runners.statements.RunBefores.evaluate(RunBefores.java:26)
	at org.junit.rules.TestWatcher$1.evaluate(TestWatcher.java:61)
	at org.camunda.bpm.engine.test.ProcessEngineRule$1.evaluate(ProcessEngineRule.java:185)
	at org.junit.runners.ParentRunner$3.evaluate(ParentRunner.java:306)
	at org.junit.runners.BlockJUnit4ClassRunner$1.evaluate(BlockJUnit4ClassRunner.java:100)
	at org.junit.runners.ParentRunner.runLeaf(ParentRunner.java:366)
	at org.junit.runners.BlockJUnit4ClassRunner.runChild(BlockJUnit4ClassRunner.java:103)
	at org.junit.runners.BlockJUnit4ClassRunner.runChild(BlockJUnit4ClassRunner.java:63)
	at org.junit.runners.ParentRunner$4.run(ParentRunner.java:331)
	at org.junit.runners.ParentRunner$1.schedule(ParentRunner.java:79)
	at org.junit.runners.ParentRunner.runChildren(ParentRunner.java:329)
	at org.junit.runners.ParentRunner.access$100(ParentRunner.java:66)
	at org.junit.runners.ParentRunner$2.evaluate(ParentRunner.java:293)
	at org.junit.rules.TestWatcher$1.evaluate(TestWatcher.java:61)
	at org.camunda.bpm.engine.test.ProcessEngineRule$1.evaluate(ProcessEngineRule.java:185)
	at org.junit.rules.RunRules.evaluate(RunRules.java:20)
	at org.junit.runners.ParentRunner$3.evaluate(ParentRunner.java:306)
	at org.junit.runners.ParentRunner.run(ParentRunner.java:413)
	at org.apache.maven.surefire.junit4.JUnit4Provider.execute(JUnit4Provider.java:252)
	at org.apache.maven.surefire.junit4.JUnit4Provider.executeTestSet(JUnit4Provider.java:141)
	at org.apache.maven.surefire.junit4.JUnit4Provider.invoke(JUnit4Provider.java:112)
	at sun.reflect.NativeMethodAccessorImpl.invoke0(Native Method)
	at sun.reflect.NativeMethodAccessorImpl.invoke(NativeMethodAccessorImpl.java:62)
	at sun.reflect.DelegatingMethodAccessorImpl.invoke(DelegatingMethodAccessorImpl.java:43)
	at java.lang.reflect.Method.invoke(Method.java:498)
	at org.apache.maven.surefire.util.ReflectionUtils.invokeMethodWithArray(ReflectionUtils.java:189)
	at org.apache.maven.surefire.booter.ProviderFactory$ProviderProxy.invoke(ProviderFactory.java:165)
	at org.apache.maven.surefire.booter.ProviderFactory.invokeProvider(ProviderFactory.java:85)
	at org.apache.maven.surefire.booter.ForkedBooter.runSuitesInProcess(ForkedBooter.java:115)
	at org.apache.maven.surefire.booter.ForkedBooter.main(ForkedBooter.java:75)
</failure>
    <system-out>21:04:11.793 [main] DEBUG org.camunda.bpm.engine.test - ==== BUILDING PROCESS ENGINE ========================================================================
21:04:12.346 [main] INFO  org.camunda.bpm.engine.cfg - ENGINE-12003 Plugin &apos;SpinProcessEnginePlugin&apos; activated on process engine &apos;default&apos;
21:04:12.353 [main] INFO  org.camunda.spin - SPIN-01010 Discovered Spin data format provider: org.camunda.spin.impl.json.jackson.format.JacksonJsonDataFormatProvider[name = application/json]
21:04:12.595 [main] INFO  org.camunda.spin - SPIN-01010 Discovered Spin data format provider: org.camunda.spin.impl.xml.dom.format.DomXmlDataFormatProvider[name = application/xml]
21:04:12.612 [main] INFO  org.camunda.spin - SPIN-01009 Discovered Spin data format: org.camunda.spin.impl.xml.dom.format.DomXmlDataFormat[name = application/xml]
21:04:12.612 [main] INFO  org.camunda.spin - SPIN-01009 Discovered Spin data format: org.camunda.spin.impl.json.jackson.format.JacksonJsonDataFormat[name = application/json]
21:04:12.698 [main] INFO  org.camunda.bpm.dmn.feel.scala - FEEL/SCALA-01001 Spin value mapper detected
21:04:12.960 [main] INFO  org.camunda.feel.FeelEngine - Engine created. [value-mapper: CompositeValueMapper(List(org.camunda.feel.impl.JavaValueMapper@56303b57, org.camunda.spin.plugin.impl.feel.integration.SpinValueMapper@4b2a01d4)), function-provider: org.camunda.bpm.dmn.feel.impl.scala.function.CustomFunctionTransformer@3569fc08, clock: SystemClock, configuration: Configuration(false)]
21:04:17.117 [main] INFO  org.camunda.bpm.connect - CNCT-01004 Discovered provider for connector id &apos;http-connector&apos; and class &apos;org.camunda.connect.httpclient.impl.HttpConnectorImpl&apos;: &apos;org.camunda.connect.httpclient.impl.HttpConnectorProviderImpl&apos;
21:04:17.120 [main] INFO  org.camunda.bpm.connect - CNCT-01004 Discovered provider for connector id &apos;soap-http-connector&apos; and class &apos;org.camunda.connect.httpclient.soap.impl.SoapHttpConnectorImpl&apos;: &apos;org.camunda.connect.httpclient.soap.impl.SoapHttpConnectorProviderImpl&apos;
21:04:17.315 [main] INFO  org.camunda.bpm.engine.persistence - ENGINE-03016 Performing database operation &apos;create&apos; on component &apos;engine&apos; with resource &apos;org/camunda/bpm/engine/db/create/activiti.h2.create.engine.sql&apos;
21:04:17.358 [main] INFO  org.camunda.bpm.engine.persistence - ENGINE-03016 Performing database operation &apos;create&apos; on component &apos;history&apos; with resource &apos;org/camunda/bpm/engine/db/create/activiti.h2.create.history.sql&apos;
21:04:17.369 [main] INFO  org.camunda.bpm.engine.persistence - ENGINE-03016 Performing database operation &apos;create&apos; on component &apos;identity&apos; with resource &apos;org/camunda/bpm/engine/db/create/activiti.h2.create.identity.sql&apos;
21:04:17.384 [main] INFO  org.camunda.bpm.engine.persistence - ENGINE-03016 Performing database operation &apos;create&apos; on component &apos;case.engine&apos; with resource &apos;org/camunda/bpm/engine/db/create/activiti.h2.create.case.engine.sql&apos;
21:04:17.389 [main] INFO  org.camunda.bpm.engine.persistence - ENGINE-03016 Performing database operation &apos;create&apos; on component &apos;case.history&apos; with resource &apos;org/camunda/bpm/engine/db/create/activiti.h2.create.case.history.sql&apos;
21:04:17.395 [main] INFO  org.camunda.bpm.engine.persistence - ENGINE-03016 Performing database operation &apos;create&apos; on component &apos;decision.engine&apos; with resource &apos;org/camunda/bpm/engine/db/create/activiti.h2.create.decision.engine.sql&apos;
21:04:17.409 [main] INFO  org.camunda.bpm.engine.persistence - ENGINE-03016 Performing database operation &apos;create&apos; on component &apos;decision.history&apos; with resource &apos;org/camunda/bpm/engine/db/create/activiti.h2.create.decision.history.sql&apos;
21:04:17.445 [main] INFO  org.camunda.bpm.engine.persistence - ENGINE-03067 No history level property found in database
21:04:17.446 [main] INFO  org.camunda.bpm.engine.persistence - ENGINE-03065 Creating historyLevel property in database for level: HistoryLevelFull(name=full, id=3)
21:04:17.511 [main] INFO  org.camunda.bpm.engine - ENGINE-00001 Process Engine default created.
21:04:17.513 [main] DEBUG org.camunda.bpm.engine.test - ==== PROCESS ENGINE CREATED =========================================================================
21:04:17.517 [main] DEBUG org.camunda.bpm.engine.test - annotation @Deployment creates deployment for InMemoryH2Test.testHappyPath
21:04:18.515 [main] DEBUG org.camunda.bpm.engine.test - annotation @Deployment deletes deployment for InMemoryH2Test.testHappyPath
</system-out>
    <system-err>juil. 27, 2023 9:04:18 PM org.camunda.bpm.extension.process_test_coverage.junit.rules.TestCoverageProcessEngineRule failed
INFOS: testHappyPath(org.ghailene.InMemoryH2Test) failed.
juil. 27, 2023 9:04:18 PM org.camunda.bpm.extension.process_test_coverage.junit.rules.TestCoverageProcessEngineRule handleTestMethodCoverage
INFOS: testHappyPath test method coverage is 0.5555555555555556
</system-err>
  </testcase>
</testsuite>